[Tue Aug 10 10:30:09.644893 2021] [ssl:warn] [pid 11968:tid 636] AH01909: localhost:443:0 server certificate does NOT include an ID which matches the server name
[Tue Aug 10 10:30:09.685903 2021] [ssl:warn] [pid 11968:tid 636] AH01909: localhost:443:0 server certificate does NOT include an ID which matches the server name
[Tue Aug 10 10:30:10.298221 2021] [ssl:warn] [pid 25204:tid 644] AH01909: localhost:443:0 server certificate does NOT include an ID which matches the server name
[Tue Aug 10 10:30:10.338669 2021] [ssl:warn] [pid 25204:tid 644] AH01909: localhost:443:0 server certificate does NOT include an ID which matches the server name
[Tue Aug 10 10:43:29.746520 2021] [ssl:warn] [pid 23068:tid 640] AH01909: localhost:443:0 server certificate does NOT include an ID which matches the server name
[Tue Aug 10 10:43:29.766352 2021] [ssl:warn] [pid 23068:tid 640] AH01909: rotary.test:443:0 server certificate does NOT include an ID which matches the server name
[Tue Aug 10 10:43:29.808149 2021] [ssl:warn] [pid 23068:tid 640] AH01909: localhost:443:0 server certificate does NOT include an ID which matches the server name
[Tue Aug 10 10:43:29.809148 2021] [ssl:warn] [pid 23068:tid 640] AH01909: rotary.test:443:0 server certificate does NOT include an ID which matches the server name
[Tue Aug 10 10:43:30.047608 2021] [ssl:warn] [pid 22772:tid 644] AH01909: localhost:443:0 server certificate does NOT include an ID which matches the server name
[Tue Aug 10 10:43:30.047608 2021] [ssl:warn] [pid 22772:tid 644] AH01909: rotary.test:443:0 server certificate does NOT include an ID which matches the server name
[Tue Aug 10 10:43:30.094484 2021] [ssl:warn] [pid 22772:tid 644] AH01909: localhost:443:0 server certificate does NOT include an ID which matches the server name
[Tue Aug 10 10:43:30.094484 2021] [ssl:warn] [pid 22772:tid 644] AH01909: rotary.test:443:0 server certificate does NOT include an ID which matches the server name
[Wed Aug 11 08:47:29.224025 2021] [ssl:warn] [pid 10076:tid 636] AH01909: localhost:443:0 server certificate does NOT include an ID which matches the server name
[Wed Aug 11 08:47:29.225025 2021] [ssl:warn] [pid 10076:tid 636] AH01909: rotary.test:443:0 server certificate does NOT include an ID which matches the server name
[Wed Aug 11 08:47:29.265641 2021] [ssl:warn] [pid 10076:tid 636] AH01909: localhost:443:0 server certificate does NOT include an ID which matches the server name
[Wed Aug 11 08:47:29.265641 2021] [ssl:warn] [pid 10076:tid 636] AH01909: rotary.test:443:0 server certificate does NOT include an ID which matches the server name
[Wed Aug 11 08:47:29.770492 2021] [ssl:warn] [pid 25028:tid 644] AH01909: localhost:443:0 server certificate does NOT include an ID which matches the server name
[Wed Aug 11 08:47:29.771492 2021] [ssl:warn] [pid 25028:tid 644] AH01909: rotary.test:443:0 server certificate does NOT include an ID which matches the server name
[Wed Aug 11 08:47:29.814977 2021] [ssl:warn] [pid 25028:tid 644] AH01909: localhost:443:0 server certificate does NOT include an ID which matches the server name
[Wed Aug 11 08:47:29.814977 2021] [ssl:warn] [pid 25028:tid 644] AH01909: rotary.test:443:0 server certificate does NOT include an ID which matches the server name
[Wed Aug 11 11:54:00.354631 2021] [ssl:warn] [pid 22304:tid 640] AH01909: localhost:443:0 server certificate does NOT include an ID which matches the server name
[Wed Aug 11 11:54:00.354631 2021] [ssl:warn] [pid 22304:tid 640] AH01909: rotary.test:443:0 server certificate does NOT include an ID which matches the server name
[Wed Aug 11 11:54:00.394639 2021] [ssl:warn] [pid 22304:tid 640] AH01909: localhost:443:0 server certificate does NOT include an ID which matches the server name
[Wed Aug 11 11:54:00.394639 2021] [ssl:warn] [pid 22304:tid 640] AH01909: rotary.test:443:0 server certificate does NOT include an ID which matches the server name
[Wed Aug 11 11:54:00.653079 2021] [ssl:warn] [pid 15352:tid 644] AH01909: localhost:443:0 server certificate does NOT include an ID which matches the server name
[Wed Aug 11 11:54:00.653079 2021] [ssl:warn] [pid 15352:tid 644] AH01909: rotary.test:443:0 server certificate does NOT include an ID which matches the server name
[Wed Aug 11 11:54:00.693515 2021] [ssl:warn] [pid 15352:tid 644] AH01909: localhost:443:0 server certificate does NOT include an ID which matches the server name
[Wed Aug 11 11:54:00.694516 2021] [ssl:warn] [pid 15352:tid 644] AH01909: rotary.test:443:0 server certificate does NOT include an ID which matches the server name
[Fri Aug 13 15:48:01.417849 2021] [php:error] [pid 15352:tid 1908] [client 127.0.0.1:57348] PHP Fatal error:  Cannot redeclare App\\Http\\Controllers\\MemberShipController::store() in H:\\code\\ClubManager\\app\\Http\\Controllers\\MemberShipController.php on line 50
[Wed Aug 25 03:57:18.947299 2021] [ssl:warn] [pid 25620:tid 640] AH01909: localhost:443:0 server certificate does NOT include an ID which matches the server name
[Wed Aug 25 03:57:19.008607 2021] [ssl:warn] [pid 25620:tid 640] AH01909: localhost:443:0 server certificate does NOT include an ID which matches the server name
[Wed Aug 25 03:57:19.479378 2021] [ssl:warn] [pid 16860:tid 632] AH01909: localhost:443:0 server certificate does NOT include an ID which matches the server name
[Wed Aug 25 03:57:19.539383 2021] [ssl:warn] [pid 16860:tid 632] AH01909: localhost:443:0 server certificate does NOT include an ID which matches the server name
[Wed Aug 25 06:54:40.022235 2021] [ssl:warn] [pid 8460:tid 472] AH01909: localhost:443:0 server certificate does NOT include an ID which matches the server name
[Wed Aug 25 06:54:40.066374 2021] [ssl:warn] [pid 8460:tid 472] AH01909: localhost:443:0 server certificate does NOT include an ID which matches the server name
[Wed Aug 25 06:54:40.459059 2021] [ssl:warn] [pid 23564:tid 640] AH01909: localhost:443:0 server certificate does NOT include an ID which matches the server name
[Wed Aug 25 06:54:40.490312 2021] [ssl:warn] [pid 23564:tid 640] AH01909: localhost:443:0 server certificate does NOT include an ID which matches the server name
[Wed Aug 25 10:06:14.679724 2021] [php:error] [pid 23564:tid 1936] [client 127.0.0.1:63179] PHP Fatal error:  Cannot use Illuminate\\Support\\Facades\\Request as Request because the name is already in use in H:\\code\\ClubManager\\app\\Http\\Controllers\\MemberController.php on line 10
[Wed Aug 25 11:33:20.650346 2021] [php:error] [pid 23564:tid 1928] [client 127.0.0.1:52660] PHP Fatal error:  Trait "App\\Models\\SoftDeletes" not found in H:\\code\\ClubManager\\app\\Models\\Member.php on line 8
[Fri Aug 27 11:10:41.253048 2021] [ssl:warn] [pid 15880:tid 612] AH01909: localhost:443:0 server certificate does NOT include an ID which matches the server name
[Fri Aug 27 11:10:41.310794 2021] [ssl:warn] [pid 15880:tid 612] AH01909: localhost:443:0 server certificate does NOT include an ID which matches the server name
[Fri Aug 27 11:10:42.174726 2021] [ssl:warn] [pid 3312:tid 620] AH01909: localhost:443:0 server certificate does NOT include an ID which matches the server name
[Fri Aug 27 11:10:42.231477 2021] [ssl:warn] [pid 3312:tid 620] AH01909: localhost:443:0 server certificate does NOT include an ID which matches the server name
